-------------------------------------------------------------------------------
Test set: TestSuite
-------------------------------------------------------------------------------
Tests run: 6, Failures: 1, Errors: 0, Skipped: 1, Time elapsed: 110.86 s <<< FAILURE! - in TestSuite
VaibhavFrameWorkDesign.SeleniumFrameworkMyVersionTests.ErrorValidationsTest.loginError  Time elapsed: 1.804 s  <<< FAILURE!
java.lang.AssertionError: expected [Incorrect email or password.] but found [Incorrect email  password.]
	at VaibhavFrameWorkDesign.SeleniumFrameworkMyVersionTests.ErrorValidationsTest.loginError(ErrorValidationsTest.java:24)

